0 info it worked if it ends with ok
1 verbose cli [ 'C:\\Program Files\\nodejs\\node.exe',
1 verbose cli   'C:\\Program Files\\nodejs\\node_modules\\npm\\bin\\npm-cli.js',
1 verbose cli   'start' ]
2 info using npm@3.10.10
3 info using node@v6.11.5
4 verbose run-script [ 'prestart', 'start', 'poststart' ]
5 info lifecycle smartadmin@0.6.0~prestart: smartadmin@0.6.0
6 silly lifecycle smartadmin@0.6.0~prestart: no script for prestart, continuing
7 info lifecycle smartadmin@0.6.0~start: smartadmin@0.6.0
8 verbose lifecycle smartadmin@0.6.0~start: unsafe-perm in lifecycle true
9 verbose lifecycle smartadmin@0.6.0~start: PATH: C:\Program Files\nodejs\node_modules\npm\bin\node-gyp-bin;C:\Users\Asad Abbas\Desktop\WB0573SK0\DEVELOPER\Angular_5\full\node_modules\.bin;C:\WINDOWS\system32;C:\WINDOWS;C:\WINDOWS\System32\Wbem;C:\WINDOWS\System32\WindowsPowerShell\v1.0\;C:\Program Files\TortoiseGit\bin;C:\Program Files\nodejs\;C:\WINDOWS\system32\config\systemprofile\.dnx\bin;C:\Program Files\Microsoft DNX\Dnvm\;C:\Program Files\Microsoft SQL Server\130\Tools\Binn\;C:\Program Files (x86)\Microsoft SQL Server\110\Tools\Binn\;C:\Program Files\Microsoft SQL Server\110\Tools\Binn\;C:\Program Files\Microsoft SQL Server\110\DTS\Binn\;C:\Program Files (x86)\Microsoft SQL Server\110\Tools\Binn\ManagementStudio\;C:\Program Files (x86)\Microsoft SQL Server\110\DTS\Binn\;C:\Program Files\Git\cmd;C:\Users\Asad Abbas\AppData\Local\Microsoft\WindowsApps;C:\Users\Asad Abbas\AppData\Roaming\npm;C:\Program Files\Microsoft VS Code\bin;
10 verbose lifecycle smartadmin@0.6.0~start: CWD: C:\Users\Asad Abbas\Desktop\WB0573SK0\DEVELOPER\Angular_5\full
11 silly lifecycle smartadmin@0.6.0~start: Args: [ '/d /s /c', 'npm run server:dev' ]
12 silly lifecycle smartadmin@0.6.0~start: Returned: code: 1  signal: null
13 info lifecycle smartadmin@0.6.0~start: Failed to exec start script
14 verbose stack Error: smartadmin@0.6.0 start: `npm run server:dev`
14 verbose stack Exit status 1
14 verbose stack     at EventEmitter.<anonymous> (C:\Program Files\nodejs\node_modules\npm\lib\utils\lifecycle.js:255:16)
14 verbose stack     at emitTwo (events.js:106:13)
14 verbose stack     at EventEmitter.emit (events.js:191:7)
14 verbose stack     at ChildProcess.<anonymous> (C:\Program Files\nodejs\node_modules\npm\lib\utils\spawn.js:40:14)
14 verbose stack     at emitTwo (events.js:106:13)
14 verbose stack     at ChildProcess.emit (events.js:191:7)
14 verbose stack     at maybeClose (internal/child_process.js:920:16)
14 verbose stack     at Process.ChildProcess._handle.onexit (internal/child_process.js:230:5)
15 verbose pkgid smartadmin@0.6.0
16 verbose cwd C:\Users\Asad Abbas\Desktop\WB0573SK0\DEVELOPER\Angular_5\full\src
17 error Windows_NT 10.0.15063
18 error argv "C:\\Program Files\\nodejs\\node.exe" "C:\\Program Files\\nodejs\\node_modules\\npm\\bin\\npm-cli.js" "start"
19 error node v6.11.5
20 error npm  v3.10.10
21 error code ELIFECYCLE
22 error smartadmin@0.6.0 start: `npm run server:dev`
22 error Exit status 1
23 error Failed at the smartadmin@0.6.0 start script 'npm run server:dev'.
23 error Make sure you have the latest version of node.js and npm installed.
23 error If you do, this is most likely a problem with the smartadmin package,
23 error not with npm itself.
23 error Tell the author that this fails on your system:
23 error     npm run server:dev
23 error You can get information on how to open an issue for this project with:
23 error     npm bugs smartadmin
23 error Or if that isn't available, you can get their info via:
23 error     npm owner ls smartadmin
23 error There is likely additional logging output above.
24 verbose exit [ 1, true ]
